<?xml version="1.0" encoding="UTF-8"?>
<coverage generated="1615532967015" clover="4.4.1">
   <project timestamp="1615532962555">
      <metrics coveredelements="393" complexity="441" loc="3968" methods="272" classes="19" statements="788" packages="1" coveredconditionals="77" coveredmethods="74" elements="1332" ncloc="1717" files="15" conditionals="272" coveredstatements="242"/>
      <package name="net.mooctest">
         <metrics coveredelements="393" complexity="441" loc="3968" methods="272" classes="19" statements="788" coveredconditionals="77" coveredmethods="74" elements="1332" ncloc="1717" files="15" conditionals="272" coveredstatements="242"/>
         <file path="D:\experiment-data\test-spliting-and-synthesis\cts\round4-test\Json\Json_07\src\main\java\net\mooctest\Json.java" name="Json.java">
            <metrics coveredelements="97" coveredconditionals="16" complexity="45" loc="391" coveredmethods="24" methods="29" elements="129" classes="2" ncloc="168" statements="72" conditionals="28" coveredstatements="57"/>
            <class name="Json">
               <metrics coveredelements="82" coveredconditionals="15" complexity="33" coveredmethods="17" methods="18" elements="105" statements="61" conditionals="26" coveredstatements="50"/>
            </class>
            <class name="Json.DefaultHandler">
               <metrics coveredelements="15" coveredconditionals="1" complexity="12" coveredmethods="7" methods="11" elements="24" statements="11" conditionals="2" coveredstatements="7"/>
            </class>
            <line complexity="1" visibility="private" signature="Json()" num="56" count="0" type="method"/>
            <line complexity="1" visibility="public" signature="value(int) : JsonValue" num="82" count="7" type="method"/>
            <line num="83" count="7" type="stmt"/>
            <line complexity="1" visibility="public" signature="value(long) : JsonValue" num="93" count="5" type="method"/>
            <line num="94" count="5" type="stmt"/>
            <line complexity="3" visibility="public" signature="value(float) : JsonValue" num="104" count="4" type="method"/>
            <line num="105" count="4" type="stmt"/>
            <line falsecount="4" truecount="0" num="105" type="cond"/>
            <line num="106" count="0" type="stmt"/>
            <line num="108" count="4" type="stmt"/>
            <line complexity="3" visibility="public" signature="value(double) : JsonValue" num="118" count="4" type="method"/>
            <line num="119" count="4" type="stmt"/>
            <line falsecount="4" truecount="0" num="119" type="cond"/>
            <line num="120" count="0" type="stmt"/>
            <line num="122" count="4" type="stmt"/>
            <line complexity="2" visibility="public" signature="value(String) : JsonValue" num="132" count="6" type="method"/>
            <line num="133" count="6" type="stmt"/>
            <line falsecount="5" truecount="1" num="133" type="cond"/>
            <line complexity="2" visibility="public" signature="value(boolean) : JsonValue" num="143" count="4" type="method"/>
            <line num="144" count="4" type="stmt"/>
            <line falsecount="2" truecount="2" num="144" type="cond"/>
            <line complexity="1" visibility="public" signature="array() : JsonArray" num="153" count="1" type="method"/>
            <line num="154" count="1" type="stmt"/>
            <line complexity="2" visibility="public" signature="array(int) : JsonArray" num="165" count="1" type="method"/>
            <line num="166" count="1" type="stmt"/>
            <line falsecount="1" truecount="0" num="166" type="cond"/>
            <line num="167" count="0" type="stmt"/>
            <line num="169" count="1" type="stmt"/>
            <line num="170" count="1" type="stmt"/>
            <line num="171" count="3" type="stmt"/>
            <line num="173" count="1" type="stmt"/>
            <line complexity="2" visibility="public" signature="array(long) : JsonArray" num="184" count="1" type="method"/>
            <line num="185" count="1" type="stmt"/>
            <line falsecount="1" truecount="0" num="185" type="cond"/>
            <line num="186" count="0" type="stmt"/>
            <line num="188" count="1" type="stmt"/>
            <line num="189" count="1" type="stmt"/>
            <line num="190" count="2" type="stmt"/>
            <line num="192" count="1" type="stmt"/>
            <line complexity="2" visibility="public" signature="array(float) : JsonArray" num="203" count="1" type="method"/>
            <line num="204" count="1" type="stmt"/>
            <line falsecount="1" truecount="0" num="204" type="cond"/>
            <line num="205" count="0" type="stmt"/>
            <line num="207" count="1" type="stmt"/>
            <line num="208" count="1" type="stmt"/>
            <line num="209" count="2" type="stmt"/>
            <line num="211" count="1" type="stmt"/>
            <line complexity="2" visibility="public" signature="array(double) : JsonArray" num="222" count="1" type="method"/>
            <line num="223" count="1" type="stmt"/>
            <line falsecount="1" truecount="0" num="223" type="cond"/>
            <line num="224" count="0" type="stmt"/>
            <line num="226" count="1" type="stmt"/>
            <line num="227" count="1" type="stmt"/>
            <line num="228" count="2" type="stmt"/>
            <line num="230" count="1" type="stmt"/>
            <line complexity="2" visibility="public" signature="array(boolean) : JsonArray" num="241" count="1" type="method"/>
            <line num="242" count="1" type="stmt"/>
            <line falsecount="1" truecount="0" num="242" type="cond"/>
            <line num="243" count="0" type="stmt"/>
            <line num="245" count="1" type="stmt"/>
            <line num="246" count="1" type="stmt"/>
            <line num="247" count="2" type="stmt"/>
            <line num="249" count="1" type="stmt"/>
            <line complexity="2" visibility="public" signature="array(String) : JsonArray" num="259" count="1" type="method"/>
            <line num="260" count="1" type="stmt"/>
            <line falsecount="1" truecount="0" num="260" type="cond"/>
            <line num="261" count="0" type="stmt"/>
            <line num="263" count="1" type="stmt"/>
            <line num="264" count="1" type="stmt"/>
            <line num="265" count="2" type="stmt"/>
            <line num="267" count="1" type="stmt"/>
            <line complexity="1" visibility="public" signature="object() : JsonObject" num="276" count="1" type="method"/>
            <line num="277" count="1" type="stmt"/>
            <line complexity="2" visibility="public" signature="parse(String) : JsonValue" num="290" count="5" type="method"/>
            <line num="291" count="5" type="stmt"/>
            <line falsecount="5" truecount="0" num="291" type="cond"/>
            <line num="292" count="0" type="stmt"/>
            <line num="294" count="5" type="stmt"/>
            <line num="295" count="5" type="stmt"/>
            <line num="296" count="5" type="stmt"/>
            <line complexity="2" visibility="public" signature="parse(Reader) : JsonValue" num="315" count="8" type="method"/>
            <line num="316" count="8" type="stmt"/>
            <line falsecount="8" truecount="0" num="316" type="cond"/>
            <line num="317" count="0" type="stmt"/>
            <line num="319" count="8" type="stmt"/>
            <line num="320" count="8" type="stmt"/>
            <line num="321" count="8" type="stmt"/>
            <line complexity="2" visibility="private" signature="cutOffPointZero(String) : String" num="324" count="8" type="method"/>
            <line num="325" count="8" type="stmt"/>
            <line falsecount="0" truecount="8" num="325" type="cond"/>
            <line num="326" count="8" type="stmt"/>
            <line num="328" count="0" type="stmt"/>
            <line complexity="1" visibility="public" signature="startArray() : JsonArray" num="335" count="1" type="method"/>
            <line num="337" count="1" type="stmt"/>
            <line complexity="1" visibility="public" signature="startObject() : JsonObject" num="340" count="0" type="method"/>
            <line num="342" count="0" type="stmt"/>
            <line complexity="1" visibility="public" signature="endNull() : void" num="345" count="0" type="method"/>
            <line num="347" count="0" type="stmt"/>
            <line complexity="2" visibility="public" signature="endBoolean(boolean) : void" num="350" count="2" type="method"/>
            <line num="352" count="2" type="stmt"/>
            <line falsecount="0" truecount="2" num="352" type="cond"/>
            <line complexity="1" visibility="public" signature="endString(String) : void" num="355" count="3" type="method"/>
            <line num="357" count="3" type="stmt"/>
            <line complexity="1" visibility="public" signature="endNumber(String) : void" num="360" count="10" type="method"/>
            <line num="362" count="10" type="stmt"/>
            <line complexity="1" visibility="public" signature="endArray(JsonArray) : void" num="365" count="1" type="method"/>
            <line num="367" count="1" type="stmt"/>
            <line complexity="1" visibility="public" signature="endObject(JsonObject) : void" num="370" count="0" type="method"/>
            <line num="372" count="0" type="stmt"/>
            <line complexity="1" visibility="public" signature="endArrayValue(JsonArray) : void" num="375" count="3" type="method"/>
            <line num="377" count="3" type="stmt"/>
            <line complexity="1" visibility="public" signature="endObjectValue(JsonObject,String) : void" num="380" count="0" type="method"/>
            <line num="382" count="0" type="stmt"/>
            <line complexity="1" visibility="package" signature="getValue() : JsonValue" num="385" count="13" type="method"/>
            <line num="386" count="13" type="stmt"/>
         </file>
         <file path="D:\experiment-data\test-spliting-and-synthesis\cts\round4-test\Json\Json_07\src\main\java\net\mooctest\JsonArray.java" name="JsonArray.java">
            <metrics coveredelements="34" coveredconditionals="4" complexity="43" loc="511" coveredmethods="9" methods="34" elements="124" classes="1" ncloc="169" statements="72" conditionals="18" coveredstatements="21"/>
            <class name="JsonArray">
               <metrics coveredelements="34" coveredconditionals="4" complexity="43" coveredmethods="9" methods="34" elements="124" statements="72" conditionals="18" coveredstatements="21"/>
            </class>
            <line complexity="1" visibility="public" signature="JsonArray()" num="70" count="15" type="method"/>
            <line num="71" count="15" type="stmt"/>
            <line complexity="1" visibility="public" signature="JsonArray(JsonArray)" num="80" count="0" type="method"/>
            <line num="81" count="0" type="stmt"/>
            <line complexity="3" visibility="private" signature="JsonArray(JsonArray,boolean)" num="84" count="0" type="method"/>
            <line num="85" count="0" type="stmt"/>
            <line falsecount="0" truecount="0" num="85" type="cond"/>
            <line num="86" count="0" type="stmt"/>
            <line num="88" count="0" type="stmt"/>
            <line falsecount="0" truecount="0" num="88" type="cond"/>
            <line num="89" count="0" type="stmt"/>
            <line num="91" count="0" type="stmt"/>
            <line complexity="1" visibility="public" signature="readFrom(Reader) : JsonArray" num="114" count="0" type="method"/>
            <line num="116" count="0" type="stmt"/>
            <line complexity="1" visibility="public" signature="readFrom(String) : JsonArray" num="131" count="0" type="method"/>
            <line num="133" count="0" type="stmt"/>
            <line complexity="1" visibility="public" signature="unmodifiableArray(JsonArray) : JsonArray" num="148" count="0" type="method"/>
            <line num="149" count="0" type="stmt"/>
            <line complexity="1" visibility="public" signature="add(int) : JsonArray" num="160" count="6" type="method"/>
            <line num="161" count="6" type="stmt"/>
            <line num="162" count="6" type="stmt"/>
            <line complexity="1" visibility="public" signature="add(long) : JsonArray" num="173" count="4" type="method"/>
            <line num="174" count="4" type="stmt"/>
            <line num="175" count="4" type="stmt"/>
            <line complexity="1" visibility="public" signature="add(float) : JsonArray" num="186" count="4" type="method"/>
            <line num="187" count="4" type="stmt"/>
            <line num="188" count="4" type="stmt"/>
            <line complexity="1" visibility="public" signature="add(double) : JsonArray" num="199" count="4" type="method"/>
            <line num="200" count="4" type="stmt"/>
            <line num="201" count="4" type="stmt"/>
            <line complexity="1" visibility="public" signature="add(boolean) : JsonArray" num="212" count="4" type="method"/>
            <line num="213" count="4" type="stmt"/>
            <line num="214" count="4" type="stmt"/>
            <line complexity="1" visibility="public" signature="add(String) : JsonArray" num="224" count="4" type="method"/>
            <line num="225" count="4" type="stmt"/>
            <line num="226" count="4" type="stmt"/>
            <line complexity="2" visibility="public" signature="add(JsonValue) : JsonArray" num="236" count="3" type="method"/>
            <line num="237" count="3" type="stmt"/>
            <line falsecount="3" truecount="0" num="237" type="cond"/>
            <line num="238" count="0" type="stmt"/>
            <line num="240" count="3" type="stmt"/>
            <line num="241" count="3" type="stmt"/>
            <line complexity="1" visibility="public" signature="set(int,int) : JsonArray" num="257" count="0" type="method"/>
            <line num="258" count="0" type="stmt"/>
            <line num="259" count="0" type="stmt"/>
            <line complexity="1" visibility="public" signature="set(int,long) : JsonArray" num="275" count="0" type="method"/>
            <line num="276" count="0" type="stmt"/>
            <line num="277" count="0" type="stmt"/>
            <line complexity="1" visibility="public" signature="set(int,float) : JsonArray" num="293" count="0" type="method"/>
            <line num="294" count="0" type="stmt"/>
            <line num="295" count="0" type="stmt"/>
            <line complexity="1" visibility="public" signature="set(int,double) : JsonArray" num="311" count="0" type="method"/>
            <line num="312" count="0" type="stmt"/>
            <line num="313" count="0" type="stmt"/>
            <line complexity="1" visibility="public" signature="set(int,boolean) : JsonArray" num="329" count="0" type="method"/>
            <line num="330" count="0" type="stmt"/>
            <line num="331" count="0" type="stmt"/>
            <line complexity="1" visibility="public" signature="set(int,String) : JsonArray" num="347" count="0" type="method"/>
            <line num="348" count="0" type="stmt"/>
            <line num="349" count="0" type="stmt"/>
            <line complexity="2" visibility="public" signature="set(int,JsonValue) : JsonArray" num="364" count="0" type="method"/>
            <line num="365" count="0" type="stmt"/>
            <line falsecount="0" truecount="0" num="365" type="cond"/>
            <line num="366" count="0" type="stmt"/>
            <line num="368" count="0" type="stmt"/>
            <line num="369" count="0" type="stmt"/>
            <line complexity="1" visibility="public" signature="remove(int) : JsonArray" num="382" count="0" type="method"/>
            <line num="383" count="0" type="stmt"/>
            <line num="384" count="0" type="stmt"/>
            <line complexity="1" visibility="public" signature="size() : int" num="392" count="0" type="method"/>
            <line num="393" count="0" type="stmt"/>
            <line complexity="1" visibility="public" signature="isEmpty() : boolean" num="401" count="0" type="method"/>
            <line num="402" count="0" type="stmt"/>
            <line complexity="1" visibility="public" signature="get(int) : JsonValue" num="415" count="0" type="method"/>
            <line num="416" count="0" type="stmt"/>
            <line complexity="1" visibility="public" signature="values() : List&lt;JsonValue&gt;" num="426" count="0" type="method"/>
            <line num="427" count="0" type="stmt"/>
            <line complexity="1" visibility="public" signature="iterator() : Iterator&lt;JsonValue&gt;" num="436" count="0" type="method"/>
            <line num="437" count="0" type="stmt"/>
            <line num="438" count="0" type="stmt"/>
            <line complexity="1" visibility="public" signature="hasNext() : boolean" num="440" count="0" type="method"/>
            <line num="441" count="0" type="stmt"/>
            <line complexity="1" visibility="public" signature="next() : JsonValue" num="444" count="0" type="method"/>
            <line num="445" count="0" type="stmt"/>
            <line complexity="1" visibility="public" signature="remove() : void" num="448" count="0" type="method"/>
            <line num="449" count="0" type="stmt"/>
            <line complexity="3" visibility="package" signature="write(JsonWriter) : void" num="454" count="0" type="method"/>
            <line num="456" count="0" type="stmt"/>
            <line num="457" count="0" type="stmt"/>
            <line num="458" count="0" type="stmt"/>
            <line falsecount="0" truecount="0" num="458" type="cond"/>
            <line num="459" count="0" type="stmt"/>
            <line num="460" count="0" type="stmt"/>
            <line falsecount="0" truecount="0" num="460" type="cond"/>
            <line num="461" count="0" type="stmt"/>
            <line num="462" count="0" type="stmt"/>
            <line num="465" count="0" type="stmt"/>
            <line complexity="1" visibility="public" signature="isArray() : boolean" num="468" count="0" type="method"/>
            <line num="470" count="0" type="stmt"/>
            <line complexity="1" visibility="public" signature="asArray() : JsonArray" num="473" count="0" type="method"/>
            <line num="475" count="0" type="stmt"/>
            <line complexity="1" visibility="public" signature="hashCode() : int" num="478" count="0" type="method"/>
            <line num="480" count="0" type="stmt"/>
            <line complexity="4" visibility="public" signature="equals(Object) : boolean" num="496" count="8" type="method"/>
            <line num="498" count="8" type="stmt"/>
            <line falsecount="8" truecount="0" num="498" type="cond"/>
            <line num="499" count="0" type="stmt"/>
            <line num="501" count="8" type="stmt"/>
            <line falsecount="8" truecount="0" num="501" type="cond"/>
            <line num="502" count="0" type="stmt"/>
            <line num="504" count="8" type="stmt"/>
            <line falsecount="8" truecount="0" num="504" type="cond"/>
            <line num="505" count="0" type="stmt"/>
            <line num="507" count="8" type="stmt"/>
            <line num="508" count="8" type="stmt"/>
         </file>
         <file path="D:\experiment-data\test-spliting-and-synthesis\cts\round4-test\Json\Json_07\src\main\java\net\mooctest\JsonHandler.java" name="JsonHandler.java">
            <metrics coveredelements="4" coveredconditionals="0" complexity="19" loc="263" coveredmethods="4" methods="19" elements="22" classes="1" ncloc="45" statements="3" conditionals="0" coveredstatements="0"/>
            <class name="JsonHandler">
               <metrics coveredelements="4" coveredconditionals="0" complexity="19" coveredmethods="4" methods="19" elements="22" statements="3" conditionals="0" coveredstatements="0"/>
            </class>
            <line complexity="1" visibility="protected" signature="getLocation() : Location" num="64" count="0" type="method"/>
            <line num="65" count="0" type="stmt"/>
            <line complexity="1" visibility="public" signature="startNull() : void" num="72" count="0" type="method"/>
            <line complexity="1" visibility="public" signature="endNull() : void" num="79" count="0" type="method"/>
            <line complexity="1" visibility="public" signature="startBoolean() : void" num="86" count="2" type="method"/>
            <line complexity="1" visibility="public" signature="endBoolean(boolean) : void" num="96" count="0" type="method"/>
            <line complexity="1" visibility="public" signature="startString() : void" num="103" count="3" type="method"/>
            <line complexity="1" visibility="public" signature="endString(String) : void" num="113" count="0" type="method"/>
            <line complexity="1" visibility="public" signature="startNumber() : void" num="120" count="10" type="method"/>
            <line complexity="1" visibility="public" signature="endNumber(String) : void" num="130" count="0" type="method"/>
            <line complexity="1" visibility="public" signature="startArray() : A" num="145" count="0" type="method"/>
            <line num="146" count="0" type="stmt"/>
            <line complexity="1" visibility="public" signature="endArray(A) : void" num="157" count="0" type="method"/>
            <line complexity="1" visibility="public" signature="startArrayValue(A) : void" num="169" count="3" type="method"/>
            <line complexity="1" visibility="public" signature="endArrayValue(A) : void" num="182" count="0" type="method"/>
            <line complexity="1" visibility="public" signature="startObject() : O" num="199" count="0" type="method"/>
            <line num="200" count="0" type="stmt"/>
            <line complexity="1" visibility="public" signature="endObject(O) : void" num="210" count="0" type="method"/>
            <line complexity="1" visibility="public" signature="startObjectName(O) : void" num="221" count="0" type="method"/>
            <line complexity="1" visibility="public" signature="endObjectName(O,String) : void" num="233" count="0" type="method"/>
            <line complexity="1" visibility="public" signature="startObjectValue(O,String) : void" num="246" count="0" type="method"/>
            <line complexity="1" visibility="public" signature="endObjectValue(O,String) : void" num="260" count="0" type="method"/>
         </file>
         <file path="D:\experiment-data\test-spliting-and-synthesis\cts\round4-test\Json\Json_07\src\main\java\net\mooctest\JsonLiteral.java" name="JsonLiteral.java">
            <metrics coveredelements="16" coveredconditionals="4" complexity="14" loc="97" coveredmethods="2" methods="10" elements="38" classes="1" ncloc="61" statements="20" conditionals="8" coveredstatements="10"/>
            <class name="JsonLiteral">
               <metrics coveredelements="16" coveredconditionals="4" complexity="14" coveredmethods="2" methods="10" elements="38" statements="20" conditionals="8" coveredstatements="10"/>
            </class>
            <line complexity="1" visibility="package" signature="JsonLiteral(String)" num="35" count="8" type="method"/>
            <line num="36" count="8" type="stmt"/>
            <line num="37" count="8" type="stmt"/>
            <line num="38" count="8" type="stmt"/>
            <line num="39" count="8" type="stmt"/>
            <line complexity="1" visibility="package" signature="write(JsonWriter) : void" num="42" count="0" type="method"/>
            <line num="44" count="0" type="stmt"/>
            <line complexity="1" visibility="public" signature="toString() : String" num="47" count="0" type="method"/>
            <line num="49" count="0" type="stmt"/>
            <line complexity="1" visibility="public" signature="hashCode() : int" num="52" count="0" type="method"/>
            <line num="54" count="0" type="stmt"/>
            <line complexity="1" visibility="public" signature="isNull() : boolean" num="57" count="0" type="method"/>
            <line num="59" count="0" type="stmt"/>
            <line complexity="1" visibility="public" signature="isTrue() : boolean" num="62" count="0" type="method"/>
            <line num="64" count="0" type="stmt"/>
            <line complexity="1" visibility="public" signature="isFalse() : boolean" num="67" count="0" type="method"/>
            <line num="69" count="0" type="stmt"/>
            <line complexity="1" visibility="public" signature="isBoolean() : boolean" num="72" count="0" type="method"/>
            <line num="74" count="0" type="stmt"/>
            <line complexity="2" visibility="public" signature="asBoolean() : boolean" num="77" count="0" type="method"/>
            <line num="79" count="0" type="stmt"/>
            <line falsecount="0" truecount="0" num="79" type="cond"/>
            <line complexity="4" visibility="public" signature="equals(Object) : boolean" num="82" count="4" type="method"/>
            <line num="84" count="4" type="stmt"/>
            <line falsecount="2" truecount="2" num="84" type="cond"/>
            <line num="85" count="2" type="stmt"/>
            <line num="87" count="2" type="stmt"/>
            <line falsecount="2" truecount="0" num="87" type="cond"/>
            <line num="88" count="0" type="stmt"/>
            <line num="90" count="2" type="stmt"/>
            <line falsecount="2" truecount="0" num="90" type="cond"/>
            <line num="91" count="0" type="stmt"/>
            <line num="93" count="2" type="stmt"/>
            <line num="94" count="2" type="stmt"/>
         </file>
         <file path="D:\experiment-data\test-spliting-and-synthesis\cts\round4-test\Json\Json_07\src\main\java\net\mooctest\JsonNumber.java" name="JsonNumber.java">
            <metrics coveredelements="13" coveredconditionals="4" complexity="14" loc="94" coveredmethods="2" methods="10" elements="37" classes="1" ncloc="58" statements="19" conditionals="8" coveredstatements="7"/>
            <class name="JsonNumber">
               <metrics coveredelements="13" coveredconditionals="4" complexity="14" coveredmethods="2" methods="10" elements="37" statements="19" conditionals="8" coveredstatements="7"/>
            </class>
            <line complexity="2" visibility="package" signature="JsonNumber(String)" num="32" count="33" type="method"/>
            <line num="33" count="33" type="stmt"/>
            <line falsecount="33" truecount="0" num="33" type="cond"/>
            <line num="34" count="0" type="stmt"/>
            <line num="36" count="33" type="stmt"/>
            <line complexity="1" visibility="public" signature="toString() : String" num="39" count="0" type="method"/>
            <line num="41" count="0" type="stmt"/>
            <line complexity="1" visibility="package" signature="write(JsonWriter) : void" num="44" count="0" type="method"/>
            <line num="46" count="0" type="stmt"/>
            <line complexity="1" visibility="public" signature="isNumber() : boolean" num="49" count="0" type="method"/>
            <line num="51" count="0" type="stmt"/>
            <line complexity="1" visibility="public" signature="asInt() : int" num="54" count="0" type="method"/>
            <line num="56" count="0" type="stmt"/>
            <line complexity="1" visibility="public" signature="asLong() : long" num="59" count="0" type="method"/>
            <line num="61" count="0" type="stmt"/>
            <line complexity="1" visibility="public" signature="asFloat() : float" num="64" count="0" type="method"/>
            <line num="66" count="0" type="stmt"/>
            <line complexity="1" visibility="public" signature="asDouble() : double" num="69" count="0" type="method"/>
            <line num="71" count="0" type="stmt"/>
            <line complexity="1" visibility="public" signature="hashCode() : int" num="74" count="0" type="method"/>
            <line num="76" count="0" type="stmt"/>
            <line complexity="4" visibility="public" signature="equals(Object) : boolean" num="79" count="17" type="method"/>
            <line num="81" count="17" type="stmt"/>
            <line falsecount="17" truecount="0" num="81" type="cond"/>
            <line num="82" count="0" type="stmt"/>
            <line num="84" count="17" type="stmt"/>
            <line falsecount="17" truecount="0" num="84" type="cond"/>
            <line num="85" count="0" type="stmt"/>
            <line num="87" count="17" type="stmt"/>
            <line falsecount="17" truecount="0" num="87" type="cond"/>
            <line num="88" count="0" type="stmt"/>
            <line num="90" count="17" type="stmt"/>
            <line num="91" count="17" type="stmt"/>
         </file>
         <file path="D:\experiment-data\test-spliting-and-synthesis\cts\round4-test\Json\Json_07\src\main\java\net\mooctest\JsonObject.java" name="JsonObject.java">
            <metrics coveredelements="14" coveredconditionals="3" complexity="89" loc="933" coveredmethods="3" methods="56" elements="286" classes="3" ncloc="340" statements="166" conditionals="64" coveredstatements="8"/>
            <class name="JsonObject">
               <metrics coveredelements="13" coveredconditionals="3" complexity="71" coveredmethods="2" methods="45" elements="232" statements="137" conditionals="50" coveredstatements="8"/>
            </class>
            <class name="JsonObject.Member">
               <metrics coveredelements="0" coveredconditionals="0" complexity="8" coveredmethods="0" methods="5" elements="27" statements="16" conditionals="6" coveredstatements="0"/>
            </class>
            <class name="JsonObject.HashIndexTable">
               <metrics coveredelements="1" coveredconditionals="0" complexity="10" coveredmethods="1" methods="6" elements="27" statements="13" conditionals="8" coveredstatements="0"/>
            </class>
            <line complexity="1" visibility="public" signature="JsonObject()" num="81" count="2" type="method"/>
            <line num="82" count="2" type="stmt"/>
            <line num="83" count="2" type="stmt"/>
            <line num="84" count="2" type="stmt"/>
            <line complexity="1" visibility="public" signature="JsonObject(JsonObject)" num="93" count="0" type="method"/>
            <line num="94" count="0" type="stmt"/>
            <line complexity="3" visibility="private" signature="JsonObject(JsonObject,boolean)" num="97" count="0" type="method"/>
            <line num="98" count="0" type="stmt"/>
            <line falsecount="0" truecount="0" num="98" type="cond"/>
            <line num="99" count="0" type="stmt"/>
            <line num="101" count="0" type="stmt"/>
            <line falsecount="0" truecount="0" num="101" type="cond"/>
            <line num="102" count="0" type="stmt"/>
            <line num="103" count="0" type="stmt"/>
            <line num="105" count="0" type="stmt"/>
            <line num="106" count="0" type="stmt"/>
            <line num="108" count="0" type="stmt"/>
            <line num="109" count="0" type="stmt"/>
            <line complexity="1" visibility="public" signature="readFrom(Reader) : JsonObject" num="131" count="0" type="method"/>
            <line num="133" count="0" type="stmt"/>
            <line complexity="1" visibility="public" signature="readFrom(String) : JsonObject" num="148" count="0" type="method"/>
            <line num="150" count="0" type="stmt"/>
            <line complexity="1" visibility="public" signature="unmodifiableObject(JsonObject) : JsonObject" num="166" count="0" type="method"/>
            <line num="167" count="0" type="stmt"/>
            <line complexity="1" visibility="public" signature="add(String,int) : JsonObject" num="188" count="0" type="method"/>
            <line num="189" count="0" type="stmt"/>
            <line num="190" count="0" type="stmt"/>
            <line complexity="1" visibility="public" signature="add(String,long) : JsonObject" num="211" count="0" type="method"/>
            <line num="212" count="0" type="stmt"/>
            <line num="213" count="0" type="stmt"/>
            <line complexity="1" visibility="public" signature="add(String,float) : JsonObject" num="234" count="0" type="method"/>
            <line num="235" count="0" type="stmt"/>
            <line num="236" count="0" type="stmt"/>
            <line complexity="1" visibility="public" signature="add(String,double) : JsonObject" num="257" count="0" type="method"/>
            <line num="258" count="0" type="stmt"/>
            <line num="259" count="0" type="stmt"/>
            <line complexity="1" visibility="public" signature="add(String,boolean) : JsonObject" num="280" count="0" type="method"/>
            <line num="281" count="0" type="stmt"/>
            <line num="282" count="0" type="stmt"/>
            <line complexity="1" visibility="public" signature="add(String,String) : JsonObject" num="303" count="0" type="method"/>
            <line num="304" count="0" type="stmt"/>
            <line num="305" count="0" type="stmt"/>
            <line complexity="3" visibility="public" signature="add(String,JsonValue) : JsonObject" num="326" count="0" type="method"/>
            <line num="327" count="0" type="stmt"/>
            <line falsecount="0" truecount="0" num="327" type="cond"/>
            <line num="328" count="0" type="stmt"/>
            <line num="330" count="0" type="stmt"/>
            <line falsecount="0" truecount="0" num="330" type="cond"/>
            <line num="331" count="0" type="stmt"/>
            <line num="333" count="0" type="stmt"/>
            <line num="334" count="0" type="stmt"/>
            <line num="335" count="0" type="stmt"/>
            <line num="336" count="0" type="stmt"/>
            <line complexity="1" visibility="public" signature="set(String,int) : JsonObject" num="356" count="0" type="method"/>
            <line num="357" count="0" type="stmt"/>
            <line num="358" count="0" type="stmt"/>
            <line complexity="1" visibility="public" signature="set(String,long) : JsonObject" num="378" count="0" type="method"/>
            <line num="379" count="0" type="stmt"/>
            <line num="380" count="0" type="stmt"/>
            <line complexity="1" visibility="public" signature="set(String,float) : JsonObject" num="400" count="0" type="method"/>
            <line num="401" count="0" type="stmt"/>
            <line num="402" count="0" type="stmt"/>
            <line complexity="1" visibility="public" signature="set(String,double) : JsonObject" num="422" count="0" type="method"/>
            <line num="423" count="0" type="stmt"/>
            <line num="424" count="0" type="stmt"/>
            <line complexity="1" visibility="public" signature="set(String,boolean) : JsonObject" num="444" count="0" type="method"/>
            <line num="445" count="0" type="stmt"/>
            <line num="446" count="0" type="stmt"/>
            <line complexity="1" visibility="public" signature="set(String,String) : JsonObject" num="466" count="0" type="method"/>
            <line num="467" count="0" type="stmt"/>
            <line num="468" count="0" type="stmt"/>
            <line complexity="4" visibility="public" signature="set(String,JsonValue) : JsonObject" num="487" count="0" type="method"/>
            <line num="488" count="0" type="stmt"/>
            <line falsecount="0" truecount="0" num="488" type="cond"/>
            <line num="489" count="0" type="stmt"/>
            <line num="491" count="0" type="stmt"/>
            <line falsecount="0" truecount="0" num="491" type="cond"/>
            <line num="492" count="0" type="stmt"/>
            <line num="494" count="0" type="stmt"/>
            <line num="495" count="0" type="stmt"/>
            <line falsecount="0" truecount="0" num="495" type="cond"/>
            <line num="496" count="0" type="stmt"/>
            <line num="498" count="0" type="stmt"/>
            <line num="499" count="0" type="stmt"/>
            <line num="500" count="0" type="stmt"/>
            <line num="502" count="0" type="stmt"/>
            <line complexity="3" visibility="public" signature="remove(String) : JsonObject" num="514" count="0" type="method"/>
            <line num="515" count="0" type="stmt"/>
            <line falsecount="0" truecount="0" num="515" type="cond"/>
            <line num="516" count="0" type="stmt"/>
            <line num="518" count="0" type="stmt"/>
            <line num="519" count="0" type="stmt"/>
            <line falsecount="0" truecount="0" num="519" type="cond"/>
            <line num="520" count="0" type="stmt"/>
            <line num="521" count="0" type="stmt"/>
            <line num="522" count="0" type="stmt"/>
            <line num="524" count="0" type="stmt"/>
            <line complexity="1" visibility="public" signature="contains(String) : boolean" num="536" count="0" type="method"/>
            <line num="537" count="0" type="stmt"/>
            <line complexity="2" visibility="public" signature="merge(JsonObject) : JsonObject" num="549" count="0" type="method"/>
            <line num="550" count="0" type="stmt"/>
            <line falsecount="0" truecount="0" num="550" type="cond"/>
            <line num="551" count="0" type="stmt"/>
            <line num="553" count="0" type="stmt"/>
            <line num="554" count="0" type="stmt"/>
            <line num="556" count="0" type="stmt"/>
            <line complexity="3" visibility="public" signature="get(String) : JsonValue" num="568" count="0" type="method"/>
            <line num="569" count="0" type="stmt"/>
            <line falsecount="0" truecount="0" num="569" type="cond"/>
            <line num="570" count="0" type="stmt"/>
            <line num="572" count="0" type="stmt"/>
            <line num="573" count="0" type="stmt"/>
            <line falsecount="0" truecount="0" num="573" type="cond"/>
            <line complexity="2" visibility="public" signature="getInt(String,int) : int" num="590" count="0" type="method"/>
            <line num="591" count="0" type="stmt"/>
            <line num="592" count="0" type="stmt"/>
            <line falsecount="0" truecount="0" num="592" type="cond"/>
            <line complexity="2" visibility="public" signature="getLong(String,long) : long" num="609" count="0" type="method"/>
            <line num="610" count="0" type="stmt"/>
            <line num="611" count="0" type="stmt"/>
            <line falsecount="0" truecount="0" num="611" type="cond"/>
            <line complexity="2" visibility="public" signature="getFloat(String,float) : float" num="628" count="0" type="method"/>
            <line num="629" count="0" type="stmt"/>
            <line num="630" count="0" type="stmt"/>
            <line falsecount="0" truecount="0" num="630" type="cond"/>
            <line complexity="2" visibility="public" signature="getDouble(String,double) : double" num="647" count="0" type="method"/>
            <line num="648" count="0" type="stmt"/>
            <line num="649" count="0" type="stmt"/>
            <line falsecount="0" truecount="0" num="649" type="cond"/>
            <line complexity="2" visibility="public" signature="getBoolean(String,boolean) : boolean" num="666" count="0" type="method"/>
            <line num="667" count="0" type="stmt"/>
            <line num="668" count="0" type="stmt"/>
            <line falsecount="0" truecount="0" num="668" type="cond"/>
            <line complexity="2" visibility="public" signature="getString(String,String) : String" num="684" count="0" type="method"/>
            <line num="685" count="0" type="stmt"/>
            <line num="686" count="0" type="stmt"/>
            <line falsecount="0" truecount="0" num="686" type="cond"/>
            <line complexity="1" visibility="public" signature="size() : int" num="694" count="0" type="method"/>
            <line num="695" count="0" type="stmt"/>
            <line complexity="1" visibility="public" signature="isEmpty() : boolean" num="703" count="0" type="method"/>
            <line num="704" count="0" type="stmt"/>
            <line complexity="1" visibility="public" signature="names() : List&lt;String&gt;" num="714" count="0" type="method"/>
            <line num="715" count="0" type="stmt"/>
            <line complexity="1" visibility="public" signature="iterator() : Iterator&lt;Member&gt;" num="724" count="0" type="method"/>
            <line num="725" count="0" type="stmt"/>
            <line num="726" count="0" type="stmt"/>
            <line num="727" count="0" type="stmt"/>
            <line complexity="1" visibility="public" signature="hasNext() : boolean" num="729" count="0" type="method"/>
            <line num="730" count="0" type="stmt"/>
            <line complexity="1" visibility="public" signature="next() : Member" num="733" count="0" type="method"/>
            <line num="734" count="0" type="stmt"/>
            <line num="735" count="0" type="stmt"/>
            <line num="736" count="0" type="stmt"/>
            <line complexity="1" visibility="public" signature="remove() : void" num="739" count="0" type="method"/>
            <line num="740" count="0" type="stmt"/>
            <line complexity="3" visibility="package" signature="write(JsonWriter) : void" num="746" count="0" type="method"/>
            <line num="748" count="0" type="stmt"/>
            <line num="749" count="0" type="stmt"/>
            <line num="750" count="0" type="stmt"/>
            <line num="751" count="0" type="stmt"/>
            <line falsecount="0" truecount="0" num="751" type="cond"/>
            <line num="752" count="0" type="stmt"/>
            <line num="753" count="0" type="stmt"/>
            <line num="754" count="0" type="stmt"/>
            <line num="755" count="0" type="stmt"/>
            <line falsecount="0" truecount="0" num="755" type="cond"/>
            <line num="756" count="0" type="stmt"/>
            <line num="757" count="0" type="stmt"/>
            <line num="758" count="0" type="stmt"/>
            <line num="759" count="0" type="stmt"/>
            <line num="762" count="0" type="stmt"/>
            <line complexity="1" visibility="public" signature="isObject() : boolean" num="765" count="0" type="method"/>
            <line num="767" count="0" type="stmt"/>
            <line complexity="1" visibility="public" signature="asObject() : JsonObject" num="770" count="0" type="method"/>
            <line num="772" count="0" type="stmt"/>
            <line complexity="1" visibility="public" signature="hashCode() : int" num="775" count="0" type="method"/>
            <line num="777" count="0" type="stmt"/>
            <line num="778" count="0" type="stmt"/>
            <line num="779" count="0" type="stmt"/>
            <line num="780" count="0" type="stmt"/>
            <line complexity="4" visibility="public" signature="equals(Object) : boolean" num="783" count="1" type="method"/>
            <line num="785" count="1" type="stmt"/>
            <line falsecount="1" truecount="0" num="785" type="cond"/>
            <line num="786" count="0" type="stmt"/>
            <line num="788" count="1" type="stmt"/>
            <line falsecount="1" truecount="0" num="788" type="cond"/>
            <line num="789" count="0" type="stmt"/>
            <line num="791" count="1" type="stmt"/>
            <line falsecount="1" truecount="0" num="791" type="cond"/>
            <line num="792" count="0" type="stmt"/>
            <line num="794" count="1" type="stmt"/>
            <line num="795" count="1" type="stmt"/>
            <line complexity="3" visibility="package" signature="indexOf(String) : int" num="798" count="0" type="method"/>
            <line num="799" count="0" type="stmt"/>
            <line num="800" count="0" type="stmt"/>
            <line falsecount="0" truecount="0" num="800" type="cond"/>
            <line num="801" count="0" type="stmt"/>
            <line num="803" count="0" type="stmt"/>
            <line complexity="1" visibility="private" signature="readObject(ObjectInputStream) : void" num="806" count="0" type="method"/>
            <line num="809" count="0" type="stmt"/>
            <line num="810" count="0" type="stmt"/>
            <line num="811" count="0" type="stmt"/>
            <line complexity="2" visibility="private" signature="updateHashIndex() : void" num="814" count="0" type="method"/>
            <line num="815" count="0" type="stmt"/>
            <line num="816" count="0" type="stmt"/>
            <line falsecount="0" truecount="0" num="816" type="cond"/>
            <line num="817" count="0" type="stmt"/>
            <line complexity="1" visibility="package" signature="Member(String,JsonValue)" num="829" count="0" type="method"/>
            <line num="830" count="0" type="stmt"/>
            <line num="831" count="0" type="stmt"/>
            <line complexity="1" visibility="public" signature="getName() : String" num="839" count="0" type="method"/>
            <line num="840" count="0" type="stmt"/>
            <line complexity="1" visibility="public" signature="getValue() : JsonValue" num="848" count="0" type="method"/>
            <line num="849" count="0" type="stmt"/>
            <line complexity="1" visibility="public" signature="hashCode() : int" num="852" count="0" type="method"/>
            <line num="854" count="0" type="stmt"/>
            <line num="855" count="0" type="stmt"/>
            <line num="856" count="0" type="stmt"/>
            <line num="857" count="0" type="stmt"/>
            <line complexity="4" visibility="public" signature="equals(Object) : boolean" num="873" count="0" type="method"/>
            <line num="875" count="0" type="stmt"/>
            <line falsecount="0" truecount="0" num="875" type="cond"/>
            <line num="876" count="0" type="stmt"/>
            <line num="878" count="0" type="stmt"/>
            <line falsecount="0" truecount="0" num="878" type="cond"/>
            <line num="879" count="0" type="stmt"/>
            <line num="881" count="0" type="stmt"/>
            <line falsecount="0" truecount="0" num="881" type="cond"/>
            <line num="882" count="0" type="stmt"/>
            <line num="884" count="0" type="stmt"/>
            <line num="885" count="0" type="stmt"/>
            <line complexity="1" visibility="package" signature="HashIndexTable()" num="894" count="2" type="method"/>
            <line complexity="1" visibility="package" signature="HashIndexTable(HashIndexTable)" num="897" count="0" type="method"/>
            <line num="898" count="0" type="stmt"/>
            <line complexity="2" visibility="package" signature="add(String,int) : void" num="901" count="0" type="method"/>
            <line num="902" count="0" type="stmt"/>
            <line num="903" count="0" type="stmt"/>
            <line falsecount="0" truecount="0" num="903" type="cond"/>
            <line num="905" count="0" type="stmt"/>
            <line num="907" count="0" type="stmt"/>
            <line complexity="4" visibility="package" signature="remove(int) : void" num="911" count="0" type="method"/>
            <line num="912" count="0" type="stmt"/>
            <line falsecount="0" truecount="0" num="912" type="cond"/>
            <line num="913" count="0" type="stmt"/>
            <line falsecount="0" truecount="0" num="913" type="cond"/>
            <line num="914" count="0" type="stmt"/>
            <line num="915" count="0" type="stmt"/>
            <line falsecount="0" truecount="0" num="915" type="cond"/>
            <line num="916" count="0" type="stmt"/>
            <line complexity="1" visibility="package" signature="get(Object) : int" num="921" count="0" type="method"/>
            <line num="922" count="0" type="stmt"/>
            <line num="924" count="0" type="stmt"/>
            <line complexity="1" visibility="private" signature="hashSlotFor(Object) : int" num="927" count="0" type="method"/>
            <line num="928" count="0" type="stmt"/>
         </file>
         <file path="D:\experiment-data\test-spliting-and-synthesis\cts\round4-test\Json\Json_07\src\main\java\net\mooctest\JsonParser.java" name="JsonParser.java">
            <metrics coveredelements="191" coveredconditionals="42" complexity="102" loc="510" coveredmethods="22" methods="32" elements="374" classes="1" ncloc="391" statements="258" conditionals="84" coveredstatements="127"/>
            <class name="JsonParser">
               <metrics coveredelements="191" coveredconditionals="42" complexity="102" coveredmethods="22" methods="32" elements="374" statements="258" conditionals="84" coveredstatements="127"/>
            </class>
            <line complexity="2" visibility="public" signature="JsonParser(JsonHandler&lt;?, ?&gt;)" num="66" count="14" type="method"/>
            <line num="68" count="14" type="stmt"/>
            <line falsecount="14" truecount="0" num="68" type="cond"/>
            <line num="69" count="0" type="stmt"/>
            <line num="71" count="14" type="stmt"/>
            <line num="72" count="14" type="stmt"/>
            <line complexity="3" visibility="public" signature="parse(String) : void" num="84" count="5" type="method"/>
            <line num="85" count="5" type="stmt"/>
            <line falsecount="5" truecount="0" num="85" type="cond"/>
            <line num="86" count="0" type="stmt"/>
            <line num="88" count="5" type="stmt"/>
            <line num="89" count="5" type="stmt"/>
            <line num="90" count="5" type="stmt"/>
            <line num="93" count="0" type="stmt"/>
            <line complexity="1" visibility="public" signature="parse(Reader) : void" num="112" count="8" type="method"/>
            <line num="113" count="8" type="stmt"/>
            <line complexity="4" visibility="public" signature="parse(Reader,int) : void" num="133" count="13" type="method"/>
            <line num="134" count="13" type="stmt"/>
            <line falsecount="13" truecount="0" num="134" type="cond"/>
            <line num="135" count="0" type="stmt"/>
            <line num="137" count="13" type="stmt"/>
            <line falsecount="13" truecount="0" num="137" type="cond"/>
            <line num="138" count="0" type="stmt"/>
            <line num="140" count="13" type="stmt"/>
            <line num="141" count="13" type="stmt"/>
            <line num="142" count="13" type="stmt"/>
            <line num="143" count="13" type="stmt"/>
            <line num="144" count="13" type="stmt"/>
            <line num="145" count="13" type="stmt"/>
            <line num="146" count="13" type="stmt"/>
            <line num="147" count="13" type="stmt"/>
            <line num="148" count="13" type="stmt"/>
            <line num="149" count="13" type="stmt"/>
            <line num="150" count="13" type="stmt"/>
            <line num="151" count="13" type="stmt"/>
            <line num="152" count="13" type="stmt"/>
            <line num="153" count="13" type="stmt"/>
            <line falsecount="13" truecount="0" num="153" type="cond"/>
            <line num="154" count="0" type="stmt"/>
            <line complexity="18" visibility="private" signature="readValue() : void" num="158" count="16" type="method"/>
            <line num="159" count="16" type="stmt"/>
            <line num="160" count="0" type="stmt"/>
            <line num="161" count="0" type="stmt"/>
            <line num="162" count="0" type="stmt"/>
            <line num="163" count="2" type="stmt"/>
            <line num="164" count="2" type="stmt"/>
            <line num="165" count="2" type="stmt"/>
            <line num="166" count="0" type="stmt"/>
            <line num="167" count="0" type="stmt"/>
            <line num="168" count="0" type="stmt"/>
            <line num="169" count="3" type="stmt"/>
            <line num="170" count="3" type="stmt"/>
            <line num="171" count="3" type="stmt"/>
            <line num="172" count="1" type="stmt"/>
            <line num="173" count="1" type="stmt"/>
            <line num="174" count="1" type="stmt"/>
            <line num="175" count="0" type="stmt"/>
            <line num="176" count="0" type="stmt"/>
            <line num="177" count="0" type="stmt"/>
            <line num="178" count="0" type="stmt"/>
            <line num="179" count="0" type="stmt"/>
            <line num="180" count="3" type="stmt"/>
            <line num="181" count="5" type="stmt"/>
            <line num="182" count="1" type="stmt"/>
            <line num="183" count="0" type="stmt"/>
            <line num="184" count="0" type="stmt"/>
            <line num="185" count="0" type="stmt"/>
            <line num="186" count="0" type="stmt"/>
            <line num="187" count="0" type="stmt"/>
            <line num="188" count="1" type="stmt"/>
            <line num="189" count="10" type="stmt"/>
            <line num="190" count="10" type="stmt"/>
            <line num="191" count="0" type="stmt"/>
            <line num="192" count="0" type="stmt"/>
            <line complexity="5" visibility="private" signature="readArray() : void" num="196" count="1" type="method"/>
            <line num="197" count="1" type="stmt"/>
            <line num="198" count="1" type="stmt"/>
            <line num="199" count="1" type="stmt"/>
            <line falsecount="1" truecount="0" num="199" type="cond"/>
            <line num="200" count="0" type="stmt"/>
            <line num="202" count="1" type="stmt"/>
            <line num="203" count="1" type="stmt"/>
            <line falsecount="1" truecount="0" num="203" type="cond"/>
            <line num="204" count="0" type="stmt"/>
            <line num="205" count="0" type="stmt"/>
            <line num="206" count="0" type="stmt"/>
            <line num="208" count="1" type="stmt"/>
            <line num="209" count="3" type="stmt"/>
            <line num="210" count="3" type="stmt"/>
            <line num="211" count="3" type="stmt"/>
            <line num="212" count="3" type="stmt"/>
            <line num="213" count="3" type="stmt"/>
            <line falsecount="1" truecount="2" num="214" type="cond"/>
            <line num="215" count="1" type="stmt"/>
            <line falsecount="1" truecount="0" num="215" type="cond"/>
            <line num="216" count="0" type="stmt"/>
            <line num="218" count="1" type="stmt"/>
            <line num="219" count="1" type="stmt"/>
            <line complexity="6" visibility="private" signature="readObject() : void" num="222" count="0" type="method"/>
            <line num="223" count="0" type="stmt"/>
            <line num="224" count="0" type="stmt"/>
            <line num="225" count="0" type="stmt"/>
            <line falsecount="0" truecount="0" num="225" type="cond"/>
            <line num="226" count="0" type="stmt"/>
            <line num="228" count="0" type="stmt"/>
            <line num="229" count="0" type="stmt"/>
            <line falsecount="0" truecount="0" num="229" type="cond"/>
            <line num="230" count="0" type="stmt"/>
            <line num="231" count="0" type="stmt"/>
            <line num="232" count="0" type="stmt"/>
            <line num="234" count="0" type="stmt"/>
            <line num="235" count="0" type="stmt"/>
            <line num="236" count="0" type="stmt"/>
            <line num="237" count="0" type="stmt"/>
            <line num="238" count="0" type="stmt"/>
            <line num="239" count="0" type="stmt"/>
            <line num="240" count="0" type="stmt"/>
            <line falsecount="0" truecount="0" num="240" type="cond"/>
            <line num="241" count="0" type="stmt"/>
            <line num="243" count="0" type="stmt"/>
            <line num="244" count="0" type="stmt"/>
            <line num="245" count="0" type="stmt"/>
            <line num="246" count="0" type="stmt"/>
            <line num="247" count="0" type="stmt"/>
            <line falsecount="0" truecount="0" num="248" type="cond"/>
            <line num="249" count="0" type="stmt"/>
            <line falsecount="0" truecount="0" num="249" type="cond"/>
            <line num="250" count="0" type="stmt"/>
            <line num="252" count="0" type="stmt"/>
            <line num="253" count="0" type="stmt"/>
            <line complexity="2" visibility="private" signature="readName() : String" num="256" count="0" type="method"/>
            <line num="257" count="0" type="stmt"/>
            <line falsecount="0" truecount="0" num="257" type="cond"/>
            <line num="258" count="0" type="stmt"/>
            <line num="260" count="0" type="stmt"/>
            <line complexity="1" visibility="private" signature="readNull() : void" num="263" count="0" type="method"/>
            <line num="264" count="0" type="stmt"/>
            <line num="265" count="0" type="stmt"/>
            <line num="266" count="0" type="stmt"/>
            <line num="267" count="0" type="stmt"/>
            <line num="268" count="0" type="stmt"/>
            <line num="269" count="0" type="stmt"/>
            <line complexity="1" visibility="private" signature="readTrue() : void" num="272" count="2" type="method"/>
            <line num="273" count="2" type="stmt"/>
            <line num="274" count="2" type="stmt"/>
            <line num="275" count="2" type="stmt"/>
            <line num="276" count="2" type="stmt"/>
            <line num="277" count="2" type="stmt"/>
            <line num="278" count="2" type="stmt"/>
            <line complexity="1" visibility="private" signature="readFalse() : void" num="281" count="0" type="method"/>
            <line num="282" count="0" type="stmt"/>
            <line num="283" count="0" type="stmt"/>
            <line num="284" count="0" type="stmt"/>
            <line num="285" count="0" type="stmt"/>
            <line num="286" count="0" type="stmt"/>
            <line num="287" count="0" type="stmt"/>
            <line num="288" count="0" type="stmt"/>
            <line complexity="2" visibility="private" signature="readRequiredChar(char) : void" num="291" count="6" type="method"/>
            <line num="292" count="6" type="stmt"/>
            <line falsecount="6" truecount="0" num="292" type="cond"/>
            <line num="293" count="0" type="stmt"/>
            <line complexity="1" visibility="private" signature="readString() : void" num="297" count="3" type="method"/>
            <line num="298" count="3" type="stmt"/>
            <line num="299" count="3" type="stmt"/>
            <line complexity="4" visibility="private" signature="readStringInternal() : String" num="302" count="3" type="method"/>
            <line num="303" count="3" type="stmt"/>
            <line num="304" count="3" type="stmt"/>
            <line num="305" count="3" type="stmt"/>
            <line falsecount="3" truecount="11" num="305" type="cond"/>
            <line num="306" count="11" type="stmt"/>
            <line falsecount="11" truecount="0" num="306" type="cond"/>
            <line num="307" count="0" type="stmt"/>
            <line num="308" count="0" type="stmt"/>
            <line num="309" count="0" type="stmt"/>
            <line num="310" count="11" type="stmt"/>
            <line falsecount="11" truecount="0" num="310" type="cond"/>
            <line num="311" count="0" type="stmt"/>
            <line num="313" count="11" type="stmt"/>
            <line num="316" count="3" type="stmt"/>
            <line num="317" count="3" type="stmt"/>
            <line num="318" count="3" type="stmt"/>
            <line complexity="12" visibility="private" signature="readEscape() : void" num="321" count="0" type="method"/>
            <line num="322" count="0" type="stmt"/>
            <line num="323" count="0" type="stmt"/>
            <line num="324" count="0" type="stmt"/>
            <line num="325" count="0" type="stmt"/>
            <line num="326" count="0" type="stmt"/>
            <line num="327" count="0" type="stmt"/>
            <line num="328" count="0" type="stmt"/>
            <line num="329" count="0" type="stmt"/>
            <line num="330" count="0" type="stmt"/>
            <line num="331" count="0" type="stmt"/>
            <line num="332" count="0" type="stmt"/>
            <line num="333" count="0" type="stmt"/>
            <line num="334" count="0" type="stmt"/>
            <line num="335" count="0" type="stmt"/>
            <line num="336" count="0" type="stmt"/>
            <line num="337" count="0" type="stmt"/>
            <line num="338" count="0" type="stmt"/>
            <line num="339" count="0" type="stmt"/>
            <line num="340" count="0" type="stmt"/>
            <line num="341" count="0" type="stmt"/>
            <line num="342" count="0" type="stmt"/>
            <line num="343" count="0" type="stmt"/>
            <line num="344" count="0" type="stmt"/>
            <line num="345" count="0" type="stmt"/>
            <line num="346" count="0" type="stmt"/>
            <line falsecount="0" truecount="0" num="346" type="cond"/>
            <line num="347" count="0" type="stmt"/>
            <line num="348" count="0" type="stmt"/>
            <line falsecount="0" truecount="0" num="348" type="cond"/>
            <line num="349" count="0" type="stmt"/>
            <line num="351" count="0" type="stmt"/>
            <line num="353" count="0" type="stmt"/>
            <line num="354" count="0" type="stmt"/>
            <line num="355" count="0" type="stmt"/>
            <line num="356" count="0" type="stmt"/>
            <line num="358" count="0" type="stmt"/>
            <line complexity="4" visibility="private" signature="readNumber() : void" num="361" count="10" type="method"/>
            <line num="362" count="10" type="stmt"/>
            <line num="363" count="10" type="stmt"/>
            <line num="364" count="10" type="stmt"/>
            <line num="365" count="10" type="stmt"/>
            <line num="366" count="10" type="stmt"/>
            <line falsecount="10" truecount="0" num="366" type="cond"/>
            <line num="367" count="0" type="stmt"/>
            <line num="369" count="10" type="stmt"/>
            <line falsecount="0" truecount="10" num="369" type="cond"/>
            <line num="370" count="10" type="stmt"/>
            <line falsecount="10" truecount="27" num="370" type="cond"/>
            <line num="373" count="10" type="stmt"/>
            <line num="374" count="10" type="stmt"/>
            <line num="375" count="10" type="stmt"/>
            <line complexity="4" visibility="private" signature="readFraction() : boolean" num="378" count="10" type="method"/>
            <line num="379" count="10" type="stmt"/>
            <line falsecount="1" truecount="9" num="379" type="cond"/>
            <line num="380" count="9" type="stmt"/>
            <line num="382" count="1" type="stmt"/>
            <line falsecount="1" truecount="0" num="382" type="cond"/>
            <line num="383" count="0" type="stmt"/>
            <line num="385" count="1" type="stmt"/>
            <line falsecount="1" truecount="2" num="385" type="cond"/>
            <line num="387" count="1" type="stmt"/>
            <line complexity="6" visibility="private" signature="readExponent() : boolean" num="390" count="10" type="method"/>
            <line num="391" count="10" type="stmt"/>
            <line falsecount="0" truecount="10" num="391" type="cond"/>
            <line num="392" count="10" type="stmt"/>
            <line num="394" count="0" type="stmt"/>
            <line falsecount="0" truecount="0" num="394" type="cond"/>
            <line num="395" count="0" type="stmt"/>
            <line num="397" count="0" type="stmt"/>
            <line falsecount="0" truecount="0" num="397" type="cond"/>
            <line num="398" count="0" type="stmt"/>
            <line num="400" count="0" type="stmt"/>
            <line falsecount="0" truecount="0" num="400" type="cond"/>
            <line num="402" count="0" type="stmt"/>
            <line complexity="2" visibility="private" signature="readChar(char) : boolean" num="405" count="51" type="method"/>
            <line num="406" count="51" type="stmt"/>
            <line falsecount="10" truecount="41" num="406" type="cond"/>
            <line num="407" count="41" type="stmt"/>
            <line num="409" count="10" type="stmt"/>
            <line num="410" count="10" type="stmt"/>
            <line complexity="2" visibility="private" signature="readDigit() : boolean" num="413" count="51" type="method"/>
            <line num="414" count="51" type="stmt"/>
            <line falsecount="40" truecount="11" num="414" type="cond"/>
            <line num="415" count="11" type="stmt"/>
            <line num="417" count="40" type="stmt"/>
            <line num="418" count="40" type="stmt"/>
            <line complexity="2" visibility="private" signature="skipWhiteSpace() : void" num="421" count="33" type="method"/>
            <line num="422" count="33" type="stmt"/>
            <line falsecount="33" truecount="2" num="422" type="cond"/>
            <line num="423" count="2" type="stmt"/>
            <line complexity="5" visibility="private" signature="read() : void" num="427" count="85" type="method"/>
            <line num="428" count="85" type="stmt"/>
            <line falsecount="59" truecount="26" num="428" type="cond"/>
            <line num="429" count="26" type="stmt"/>
            <line falsecount="19" truecount="7" num="429" type="cond"/>
            <line num="430" count="7" type="stmt"/>
            <line num="431" count="7" type="stmt"/>
            <line num="433" count="26" type="stmt"/>
            <line num="434" count="26" type="stmt"/>
            <line num="435" count="26" type="stmt"/>
            <line num="436" count="26" type="stmt"/>
            <line falsecount="13" truecount="13" num="436" type="cond"/>
            <line num="437" count="13" type="stmt"/>
            <line num="438" count="13" type="stmt"/>
            <line num="439" count="13" type="stmt"/>
            <line num="442" count="72" type="stmt"/>
            <line falsecount="72" truecount="0" num="442" type="cond"/>
            <line num="443" count="0" type="stmt"/>
            <line num="444" count="0" type="stmt"/>
            <line num="446" count="72" type="stmt"/>
            <line complexity="2" visibility="private" signature="startCapture() : void" num="449" count="13" type="method"/>
            <line num="450" count="13" type="stmt"/>
            <line falsecount="2" truecount="11" num="450" type="cond"/>
            <line num="451" count="11" type="stmt"/>
            <line num="453" count="13" type="stmt"/>
            <line complexity="2" visibility="private" signature="pauseCapture() : void" num="456" count="0" type="method"/>
            <line num="457" count="0" type="stmt"/>
            <line falsecount="0" truecount="0" num="457" type="cond"/>
            <line num="458" count="0" type="stmt"/>
            <line num="459" count="0" type="stmt"/>
            <line complexity="2" visibility="private" signature="endCapture() : String" num="462" count="13" type="method"/>
            <line num="463" count="13" type="stmt"/>
            <line num="464" count="13" type="stmt"/>
            <line num="465" count="13" type="stmt"/>
            <line num="466" count="13" type="stmt"/>
            <line falsecount="6" truecount="7" num="466" type="cond"/>
            <line num="467" count="7" type="stmt"/>
            <line num="468" count="7" type="stmt"/>
            <line num="469" count="7" type="stmt"/>
            <line num="470" count="7" type="stmt"/>
            <line num="472" count="6" type="stmt"/>
            <line complexity="1" visibility="package" signature="getLocation() : Location" num="475" count="0" type="method"/>
            <line num="476" count="0" type="stmt"/>
            <line num="477" count="0" type="stmt"/>
            <line num="478" count="0" type="stmt"/>
            <line complexity="2" visibility="private" signature="expected(String) : ParseException" num="481" count="0" type="method"/>
            <line num="482" count="0" type="stmt"/>
            <line falsecount="0" truecount="0" num="482" type="cond"/>
            <line num="483" count="0" type="stmt"/>
            <line num="485" count="0" type="stmt"/>
            <line complexity="1" visibility="private" signature="error(String) : ParseException" num="488" count="0" type="method"/>
            <line num="489" count="0" type="stmt"/>
            <line complexity="1" visibility="private" signature="isWhiteSpace() : boolean" num="492" count="35" type="method"/>
            <line num="493" count="35" type="stmt"/>
            <line complexity="1" visibility="private" signature="isDigit() : boolean" num="496" count="51" type="method"/>
            <line num="497" count="51" type="stmt"/>
            <line complexity="1" visibility="private" signature="isHexDigit() : boolean" num="500" count="0" type="method"/>
            <line num="501" count="0" type="stmt"/>
            <line complexity="1" visibility="private" signature="isEndOfText() : boolean" num="506" count="13" type="method"/>
            <line num="507" count="13" type="stmt"/>
         </file>
         <file path="D:\experiment-data\test-spliting-and-synthesis\cts\round4-test\Json\Json_07\src\main\java\net\mooctest\JsonString.java" name="JsonString.java">
            <metrics coveredelements="13" coveredconditionals="4" complexity="10" loc="73" coveredmethods="2" methods="6" elements="29" classes="1" ncloc="42" statements="15" conditionals="8" coveredstatements="7"/>
            <class name="JsonString">
               <metrics coveredelements="13" coveredconditionals="4" complexity="10" coveredmethods="2" methods="6" elements="29" statements="15" conditionals="8" coveredstatements="7"/>
            </class>
            <line complexity="2" visibility="package" signature="JsonString(String)" num="31" count="10" type="method"/>
            <line num="32" count="10" type="stmt"/>
            <line falsecount="10" truecount="0" num="32" type="cond"/>
            <line num="33" count="0" type="stmt"/>
            <line num="35" count="10" type="stmt"/>
            <line complexity="1" visibility="package" signature="write(JsonWriter) : void" num="38" count="0" type="method"/>
            <line num="40" count="0" type="stmt"/>
            <line complexity="1" visibility="public" signature="isString() : boolean" num="43" count="0" type="method"/>
            <line num="45" count="0" type="stmt"/>
            <line complexity="1" visibility="public" signature="asString() : String" num="48" count="0" type="method"/>
            <line num="50" count="0" type="stmt"/>
            <line complexity="1" visibility="public" signature="hashCode() : int" num="53" count="0" type="method"/>
            <line num="55" count="0" type="stmt"/>
            <line complexity="4" visibility="public" signature="equals(Object) : boolean" num="58" count="5" type="method"/>
            <line num="60" count="5" type="stmt"/>
            <line falsecount="5" truecount="0" num="60" type="cond"/>
            <line num="61" count="0" type="stmt"/>
            <line num="63" count="5" type="stmt"/>
            <line falsecount="5" truecount="0" num="63" type="cond"/>
            <line num="64" count="0" type="stmt"/>
            <line num="66" count="5" type="stmt"/>
            <line falsecount="5" truecount="0" num="66" type="cond"/>
            <line num="67" count="0" type="stmt"/>
            <line num="69" count="5" type="stmt"/>
            <line num="70" count="5" type="stmt"/>
         </file>
         <file path="D:\experiment-data\test-spliting-and-synthesis\cts\round4-test\Json\Json_07\src\main\java\net\mooctest\JsonValue.java" name="JsonValue.java">
            <metrics coveredelements="11" coveredconditionals="0" complexity="34" loc="494" coveredmethods="6" methods="31" elements="75" classes="1" ncloc="133" statements="40" conditionals="4" coveredstatements="5"/>
            <class name="JsonValue">
               <metrics coveredelements="11" coveredconditionals="0" complexity="34" coveredmethods="6" methods="31" elements="75" statements="40" conditionals="4" coveredstatements="5"/>
            </class>
            <line complexity="1" visibility="package" signature="JsonValue()" num="86" count="68" type="method"/>
            <line complexity="1" visibility="public" signature="readFrom(Reader) : JsonValue" num="107" count="1" type="method"/>
            <line num="109" count="1" type="stmt"/>
            <line complexity="1" visibility="public" signature="readFrom(String) : JsonValue" num="122" count="4" type="method"/>
            <line num="124" count="4" type="stmt"/>
            <line complexity="1" visibility="public" signature="valueOf(int) : JsonValue" num="135" count="1" type="method"/>
            <line num="137" count="1" type="stmt"/>
            <line complexity="1" visibility="public" signature="valueOf(long) : JsonValue" num="148" count="1" type="method"/>
            <line num="150" count="1" type="stmt"/>
            <line complexity="1" visibility="public" signature="valueOf(float) : JsonValue" num="161" count="0" type="method"/>
            <line num="163" count="0" type="stmt"/>
            <line complexity="1" visibility="public" signature="valueOf(double) : JsonValue" num="174" count="0" type="method"/>
            <line num="176" count="0" type="stmt"/>
            <line complexity="1" visibility="public" signature="valueOf(String) : JsonValue" num="187" count="1" type="method"/>
            <line num="189" count="1" type="stmt"/>
            <line complexity="1" visibility="public" signature="valueOf(boolean) : JsonValue" num="200" count="0" type="method"/>
            <line num="202" count="0" type="stmt"/>
            <line complexity="1" visibility="public" signature="isObject() : boolean" num="211" count="0" type="method"/>
            <line num="212" count="0" type="stmt"/>
            <line complexity="1" visibility="public" signature="isArray() : boolean" num="221" count="0" type="method"/>
            <line num="222" count="0" type="stmt"/>
            <line complexity="1" visibility="public" signature="isNumber() : boolean" num="230" count="0" type="method"/>
            <line num="231" count="0" type="stmt"/>
            <line complexity="1" visibility="public" signature="isString() : boolean" num="239" count="0" type="method"/>
            <line num="240" count="0" type="stmt"/>
            <line complexity="1" visibility="public" signature="isBoolean() : boolean" num="249" count="0" type="method"/>
            <line num="250" count="0" type="stmt"/>
            <line complexity="1" visibility="public" signature="isTrue() : boolean" num="258" count="0" type="method"/>
            <line num="259" count="0" type="stmt"/>
            <line complexity="1" visibility="public" signature="isFalse() : boolean" num="267" count="0" type="method"/>
            <line num="268" count="0" type="stmt"/>
            <line complexity="1" visibility="public" signature="isNull() : boolean" num="276" count="0" type="method"/>
            <line num="277" count="0" type="stmt"/>
            <line complexity="1" visibility="public" signature="asObject() : JsonObject" num="288" count="0" type="method"/>
            <line num="289" count="0" type="stmt"/>
            <line complexity="1" visibility="public" signature="asArray() : JsonArray" num="300" count="0" type="method"/>
            <line num="301" count="0" type="stmt"/>
            <line complexity="1" visibility="public" signature="asInt() : int" num="319" count="0" type="method"/>
            <line num="320" count="0" type="stmt"/>
            <line complexity="1" visibility="public" signature="asLong() : long" num="338" count="0" type="method"/>
            <line num="339" count="0" type="stmt"/>
            <line complexity="1" visibility="public" signature="asFloat() : float" num="354" count="0" type="method"/>
            <line num="355" count="0" type="stmt"/>
            <line complexity="1" visibility="public" signature="asDouble() : double" num="370" count="0" type="method"/>
            <line num="371" count="0" type="stmt"/>
            <line complexity="1" visibility="public" signature="asString() : String" num="382" count="0" type="method"/>
            <line num="383" count="0" type="stmt"/>
            <line complexity="1" visibility="public" signature="asBoolean() : boolean" num="394" count="0" type="method"/>
            <line num="395" count="0" type="stmt"/>
            <line complexity="1" visibility="public" signature="writeTo(Writer) : void" num="410" count="0" type="method"/>
            <line num="411" count="0" type="stmt"/>
            <line complexity="3" visibility="public" signature="writeTo(Writer,WriterConfig) : void" num="427" count="0" type="method"/>
            <line num="428" count="0" type="stmt"/>
            <line falsecount="0" truecount="0" num="428" type="cond"/>
            <line num="429" count="0" type="stmt"/>
            <line num="431" count="0" type="stmt"/>
            <line falsecount="0" truecount="0" num="431" type="cond"/>
            <line num="432" count="0" type="stmt"/>
            <line num="434" count="0" type="stmt"/>
            <line num="435" count="0" type="stmt"/>
            <line num="436" count="0" type="stmt"/>
            <line complexity="1" visibility="public" signature="toString() : String" num="446" count="0" type="method"/>
            <line num="448" count="0" type="stmt"/>
            <line complexity="2" visibility="public" signature="toString(WriterConfig) : String" num="458" count="0" type="method"/>
            <line num="459" count="0" type="stmt"/>
            <line num="460" count="0" type="stmt"/>
            <line num="461" count="0" type="stmt"/>
            <line num="464" count="0" type="stmt"/>
            <line num="466" count="0" type="stmt"/>
            <line complexity="1" visibility="public" signature="equals(Object) : boolean" num="482" count="0" type="method"/>
            <line num="484" count="0" type="stmt"/>
            <line complexity="1" visibility="public" signature="hashCode() : int" num="487" count="0" type="method"/>
            <line num="489" count="0" type="stmt"/>
         </file>
         <file path="D:\experiment-data\test-spliting-and-synthesis\cts\round4-test\Json\Json_07\src\main\java\net\mooctest\JsonWriter.java" name="JsonWriter.java">
            <metrics coveredelements="0" coveredconditionals="0" complexity="27" loc="144" coveredmethods="0" methods="14" elements="82" classes="1" ncloc="99" statements="44" conditionals="24" coveredstatements="0"/>
            <class name="JsonWriter">
               <metrics coveredelements="0" coveredconditionals="0" complexity="27" coveredmethods="0" methods="14" elements="82" statements="44" conditionals="24" coveredstatements="0"/>
            </class>
            <line complexity="1" visibility="package" signature="JsonWriter(Writer)" num="45" count="0" type="method"/>
            <line num="46" count="0" type="stmt"/>
            <line complexity="1" visibility="protected" signature="writeLiteral(String) : void" num="49" count="0" type="method"/>
            <line num="50" count="0" type="stmt"/>
            <line complexity="1" visibility="protected" signature="writeNumber(String) : void" num="53" count="0" type="method"/>
            <line num="54" count="0" type="stmt"/>
            <line complexity="1" visibility="protected" signature="writeString(String) : void" num="57" count="0" type="method"/>
            <line num="58" count="0" type="stmt"/>
            <line num="59" count="0" type="stmt"/>
            <line num="60" count="0" type="stmt"/>
            <line complexity="1" visibility="protected" signature="writeArrayOpen() : void" num="63" count="0" type="method"/>
            <line num="64" count="0" type="stmt"/>
            <line complexity="1" visibility="protected" signature="writeArrayClose() : void" num="67" count="0" type="method"/>
[...]
            <line num="76" count="0" type="stmt"/>
            <line complexity="1" visibility="protected" signature="writeObjectClose() : void" num="79" count="0" type="method"/>
            <line num="80" count="0" type="stmt"/>
            <line complexity="1" visibility="protected" signature="writeMemberName(String) : void" num="83" count="0" type="method"/>
            <line num="84" count="0" type="stmt"/>
            <line num="85" count="0" type="stmt"/>
            <line num="86" count="0" type="stmt"/>
            <line complexity="1" visibility="protected" signature="writeMemberSeparator() : void" num="89" count="0" type="method"/>
            <line num="90" count="0" type="stmt"/>
            <line complexity="1" visibility="protected" signature="writeObjectSeparator() : void" num="93" count="0" type="method"/>
            <line num="94" count="0" type="stmt"/>
            <line complexity="3" visibility="protected" signature="writeJsonString(String) : void" num="97" count="0" type="method"/>
            <line num="98" count="0" type="stmt"/>
            <line num="99" count="0" type="stmt"/>
            <line num="100" count="0" type="stmt"/>
            <line falsecount="0" truecount="0" num="100" type="cond"/>
            <line num="101" count="0" type="stmt"/>
            <line num="102" count="0" type="stmt"/>
            <line falsecount="0" truecount="0" num="102" type="cond"/>
            <line num="103" count="0" type="stmt"/>
            <line num="104" count="0" type="stmt"/>
            <line num="105" count="0" type="stmt"/>
            <line num="108" count="0" type="stmt"/>
            <line complexity="12" visibility="private" signature="getReplacementChars(char) : char[]" num="111" count="0" type="method"/>
            <line num="112" count="0" type="stmt"/>
            <line falsecount="0" truecount="0" num="112" type="cond"/>
            <line num="113" count="0" type="stmt"/>
            <line falsecount="0" truecount="0" num="113" type="cond"/>
            <line num="115" count="0" type="stmt"/>
            <line num="117" count="0" type="stmt"/>
            <line falsecount="0" truecount="0" num="117" type="cond"/>
            <line num="119" count="0" type="stmt"/>
            <line falsecount="0" truecount="0" num="119" type="cond"/>
            <line num="120" count="0" type="stmt"/>
            <line num="122" count="0" type="stmt"/>
            <line falsecount="0" truecount="0" num="122" type="cond"/>
            <line num="124" count="0" type="stmt"/>
            <line num="126" count="0" type="stmt"/>
            <line falsecount="0" truecount="0" num="126" type="cond"/>
            <line num="127" count="0" type="stmt"/>
            <line num="129" count="0" type="stmt"/>
            <line falsecount="0" truecount="0" num="129" type="cond"/>
            <line num="130" count="0" type="stmt"/>
            <line num="132" count="0" type="stmt"/>
            <line falsecount="0" truecount="0" num="132" type="cond"/>
            <line num="133" count="0" type="stmt"/>
            <line num="135" count="0" type="stmt"/>
            <line falsecount="0" truecount="0" num="135" type="cond"/>
            <line num="136" count="0" type="stmt"/>
            <line num="138" count="0" type="stmt"/>
            <line falsecount="0" truecount="0" num="138" type="cond"/>
            <line num="139" count="0" type="stmt"/>
            <line num="141" count="0" type="stmt"/>
         </file>
         <file path="D:\experiment-data\test-spliting-and-synthesis\cts\round4-test\Json\Json_07\src\main\java\net\mooctest\Location.java" name="Location.java">
            <metrics coveredelements="0" coveredconditionals="0" complexity="7" loc="75" coveredmethods="0" methods="4" elements="23" classes="1" ncloc="32" statements="13" conditionals="6" coveredstatements="0"/>
            <class name="Location">
               <metrics coveredelements="0" coveredconditionals="0" complexity="7" coveredmethods="0" methods="4" elements="23" statements="13" conditionals="6" coveredstatements="0"/>
            </class>
            <line complexity="1" visibility="package" signature="Location(int,int,int)" num="44" count="0" type="method"/>
            <line num="45" count="0" type="stmt"/>
            <line num="46" count="0" type="stmt"/>
            <line num="47" count="0" type="stmt"/>
            <line complexity="1" visibility="public" signature="toString() : String" num="50" count="0" type="method"/>
            <line num="52" count="0" type="stmt"/>
            <line complexity="1" visibility="public" signature="hashCode() : int" num="55" count="0" type="method"/>
            <line num="57" count="0" type="stmt"/>
            <line complexity="4" visibility="public" signature="equals(Object) : boolean" num="60" count="0" type="method"/>
            <line num="62" count="0" type="stmt"/>
            <line falsecount="0" truecount="0" num="62" type="cond"/>
            <line num="63" count="0" type="stmt"/>
            <line num="65" count="0" type="stmt"/>
            <line falsecount="0" truecount="0" num="65" type="cond"/>
            <line num="66" count="0" type="stmt"/>
            <line num="68" count="0" type="stmt"/>
            <line falsecount="0" truecount="0" num="68" type="cond"/>
            <line num="69" count="0" type="stmt"/>
            <line num="71" count="0" type="stmt"/>
            <line num="72" count="0" type="stmt"/>
         </file>
         <file path="D:\experiment-data\test-spliting-and-synthesis\cts\round4-test\Json\Json_07\src\main\java\net\mooctest\ParseException.java" name="ParseException.java">
            <metrics coveredelements="0" coveredconditionals="0" complexity="5" loc="80" coveredmethods="0" methods="5" elements="11" classes="1" ncloc="24" statements="6" conditionals="0" coveredstatements="0"/>
            <class name="ParseException">
               <metrics coveredelements="0" coveredconditionals="0" complexity="5" coveredmethods="0" methods="5" elements="11" statements="6" conditionals="0" coveredstatements="0"/>
            </class>
            <line complexity="1" visibility="package" signature="ParseException(String,Location)" num="31" count="0" type="method"/>
            <line num="32" count="0" type="stmt"/>
            <line num="33" count="0" type="stmt"/>
            <line complexity="1" visibility="public" signature="getLocation() : Location" num="41" count="0" type="method"/>
            <line num="42" count="0" type="stmt"/>
            <line complexity="1" visibility="public" signature="getOffset() : int" num="52" count="0" type="method"/>
            <line num="54" count="0" type="stmt"/>
            <line complexity="1" visibility="public" signature="getLine() : int" num="63" count="0" type="method"/>
            <line num="65" count="0" type="stmt"/>
            <line complexity="1" visibility="public" signature="getColumn() : int" num="75" count="0" type="method"/>
            <line num="77" count="0" type="stmt"/>
         </file>
         <file path="D:\experiment-data\test-spliting-and-synthesis\cts\round4-test\Json\Json_07\src\main\java\net\mooctest\PrettyPrint.java" name="PrettyPrint.java">
            <metrics coveredelements="0" coveredconditionals="0" complexity="19" loc="156" coveredmethods="0" methods="14" elements="61" classes="2" ncloc="89" statements="37" conditionals="10" coveredstatements="0"/>
            <class name="PrettyPrint">
               <metrics coveredelements="0" coveredconditionals="0" complexity="6" coveredmethods="0" methods="5" elements="16" statements="9" conditionals="2" coveredstatements="0"/>
            </class>
            <class name="PrettyPrint.PrettyPrintWriter">
               <metrics coveredelements="0" coveredconditionals="0" complexity="13" coveredmethods="0" methods="9" elements="45" statements="28" conditionals="8" coveredstatements="0"/>
            </class>
            <line complexity="1" visibility="protected" signature="PrettyPrint(char[])" num="40" count="0" type="method"/>
            <line num="41" count="0" type="stmt"/>
            <line complexity="1" visibility="public" signature="singleLine() : PrettyPrint" num="49" count="0" type="method"/>
            <line num="50" count="0" type="stmt"/>
            <line complexity="2" visibility="public" signature="indentWithSpaces(int) : PrettyPrint" num="60" count="0" type="method"/>
            <line num="61" count="0" type="stmt"/>
            <line falsecount="0" truecount="0" num="61" type="cond"/>
            <line num="62" count="0" type="stmt"/>
            <line num="64" count="0" type="stmt"/>
            <line num="65" count="0" type="stmt"/>
            <line num="66" count="0" type="stmt"/>
            <line complexity="1" visibility="public" signature="indentWithTabs() : PrettyPrint" num="74" count="0" type="method"/>
            <line num="75" count="0" type="stmt"/>
            <line complexity="1" visibility="protected" signature="createWriter(Writer) : JsonWriter" num="78" count="0" type="method"/>
            <line num="80" count="0" type="stmt"/>
            <line complexity="1" visibility="private" signature="PrettyPrintWriter(Writer,char[])" num="88" count="0" type="method"/>
            <line num="89" count="0" type="stmt"/>
            <line num="90" count="0" type="stmt"/>
            <line complexity="1" visibility="protected" signature="writeArrayOpen() : void" num="93" count="0" type="method"/>
            <line num="95" count="0" type="stmt"/>
            <line num="96" count="0" type="stmt"/>
            <line num="97" count="0" type="stmt"/>
            <line complexity="1" visibility="protected" signature="writeArrayClose() : void" num="100" count="0" type="method"/>
            <line num="102" count="0" type="stmt"/>
            <line num="103" count="0" type="stmt"/>
            <line num="104" count="0" type="stmt"/>
            <line complexity="2" visibility="protected" signature="writeArraySeparator() : void" num="107" count="0" type="method"/>
            <line num="109" count="0" type="stmt"/>
            <line num="110" count="0" type="stmt"/>
            <line falsecount="0" truecount="0" num="110" type="cond"/>
            <line num="111" count="0" type="stmt"/>
            <line complexity="1" visibility="protected" signature="writeObjectOpen() : void" num="115" count="0" type="method"/>
            <line num="117" count="0" type="stmt"/>
            <line num="118" count="0" type="stmt"/>
            <line num="119" count="0" type="stmt"/>
            <line complexity="1" visibility="protected" signature="writeObjectClose() : void" num="122" count="0" type="method"/>
            <line num="124" count="0" type="stmt"/>
            <line num="125" count="0" type="stmt"/>
            <line num="126" count="0" type="stmt"/>
            <line complexity="1" visibility="protected" signature="writeMemberSeparator() : void" num="129" count="0" type="method"/>
            <line num="131" count="0" type="stmt"/>
            <line num="132" count="0" type="stmt"/>
            <line complexity="2" visibility="protected" signature="writeObjectSeparator() : void" num="135" count="0" type="method"/>
            <line num="137" count="0" type="stmt"/>
            <line num="138" count="0" type="stmt"/>
            <line falsecount="0" truecount="0" num="138" type="cond"/>
            <line num="139" count="0" type="stmt"/>
            <line complexity="3" visibility="private" signature="writeNewLine() : boolean" num="143" count="0" type="method"/>
            <line num="144" count="0" type="stmt"/>
            <line falsecount="0" truecount="0" num="144" type="cond"/>
            <line num="145" count="0" type="stmt"/>
            <line num="147" count="0" type="stmt"/>
            <line num="148" count="0" type="stmt"/>
            <line falsecount="0" truecount="0" num="148" type="cond"/>
            <line num="149" count="0" type="stmt"/>
            <line num="151" count="0" type="stmt"/>
         </file>
         <file path="D:\experiment-data\test-spliting-and-synthesis\cts\round4-test\Json\Json_07\src\main\java\net\mooctest\WriterConfig.java" name="WriterConfig.java">
            <metrics coveredelements="0" coveredconditionals="0" complexity="1" loc="49" coveredmethods="0" methods="1" elements="2" classes="1" ncloc="12" statements="1" conditionals="0" coveredstatements="0"/>
            <class name="WriterConfig">
               <metrics coveredelements="0" coveredconditionals="0" complexity="1" coveredmethods="0" methods="1" elements="2" statements="1" conditionals="0" coveredstatements="0"/>
            </class>
            <line complexity="1" visibility="package" signature="createWriter(Writer) : JsonWriter" num="35" count="0" type="method"/>
            <line num="37" count="0" type="stmt"/>
         </file>
         <file path="D:\experiment-data\test-spliting-and-synthesis\cts\round4-test\Json\Json_07\src\main\java\net\mooctest\WritingBuffer.java" name="WritingBuffer.java">
            <metrics coveredelements="0" coveredconditionals="0" complexity="12" loc="98" coveredmethods="0" methods="7" elements="39" classes="1" ncloc="54" statements="22" conditionals="10" coveredstatements="0"/>
            <class name="WritingBuffer">
               <metrics coveredelements="0" coveredconditionals="0" complexity="12" coveredmethods="0" methods="7" elements="39" statements="22" conditionals="10" coveredstatements="0"/>
            </class>
            <line complexity="1" visibility="package" signature="WritingBuffer(Writer)" num="39" count="0" type="method"/>
            <line num="40" count="0" type="stmt"/>
            <line complexity="1" visibility="package" signature="WritingBuffer(Writer,int)" num="43" count="0" type="method"/>
            <line num="44" count="0" type="stmt"/>
            <line num="45" count="0" type="stmt"/>
            <line complexity="2" visibility="public" signature="write(int) : void" num="48" count="0" type="method"/>
            <line num="50" count="0" type="stmt"/>
            <line falsecount="0" truecount="0" num="50" type="cond"/>
            <line num="51" count="0" type="stmt"/>
            <line num="53" count="0" type="stmt"/>
            <line complexity="3" visibility="public" signature="write(char[],int,int) : void" num="56" count="0" type="method"/>
            <line num="58" count="0" type="stmt"/>
            <line falsecount="0" truecount="0" num="58" type="cond"/>
            <line num="59" count="0" type="stmt"/>
            <line num="60" count="0" type="stmt"/>
            <line falsecount="0" truecount="0" num="60" type="cond"/>
            <line num="61" count="0" type="stmt"/>
            <line num="62" count="0" type="stmt"/>
            <line num="65" count="0" type="stmt"/>
            <line num="66" count="0" type="stmt"/>
            <line complexity="3" visibility="public" signature="write(String,int,int) : void" num="69" count="0" type="method"/>
            <line num="71" count="0" type="stmt"/>
            <line falsecount="0" truecount="0" num="71" type="cond"/>
            <line num="72" count="0" type="stmt"/>
            <line num="73" count="0" type="stmt"/>
            <line falsecount="0" truecount="0" num="73" type="cond"/>
            <line num="74" count="0" type="stmt"/>
            <line num="75" count="0" type="stmt"/>
            <line num="78" count="0" type="stmt"/>
            <line num="79" count="0" type="stmt"/>
            <line complexity="1" visibility="public" signature="flush() : void" num="85" count="0" type="method"/>
            <line num="87" count="0" type="stmt"/>
            <line num="88" count="0" type="stmt"/>
            <line complexity="1" visibility="public" signature="close() : void" num="94" count="0" type="method"/>
         </file>
      </package>
   </project>
   <testproject timestamp="1615532962555">
      <metrics coveredelements="51" complexity="2" loc="74" methods="2" classes="1" statements="49" packages="1" coveredconditionals="0" coveredmethods="2" elements="51" ncloc="69" files="1" conditionals="0" coveredstatements="49"/>
      <package name="net.mooctest">
         <metrics coveredelements="51" complexity="2" loc="74" methods="2" classes="1" statements="49" coveredconditionals="0" coveredmethods="2" elements="51" ncloc="69" files="1" conditionals="0" coveredstatements="49"/>
         <file path="D:\experiment-data\test-spliting-and-synthesis\cts\round4-test\Json\Json_07\src\test\java\net\mooctest\JsonArrayTest.java" name="JsonArrayTest.java">
            <metrics coveredelements="51" coveredconditionals="0" complexity="2" loc="74" coveredmethods="2" methods="2" elements="51" classes="1" ncloc="69" statements="49" conditionals="0" coveredstatements="49"/>
            <class name="JsonArrayTest">
               <metrics coveredelements="51" complexity="2" methods="2" testruns="2" statements="49" coveredconditionals="0" coveredmethods="2" elements="51" testfailures="0" testduration="0.039" conditionals="0" coveredstatements="49" testpasses="2"/>
            </class>
            <line complexity="1" visibility="public" signature="test3() : void" num="17" testsuccess="true" count="1" testduration="0.007" type="method"/>
            <line num="19" count="1" type="stmt"/>
            <line num="20" count="1" type="stmt"/>
            <line num="21" count="1" type="stmt"/>
            <line num="22" count="1" type="stmt"/>
            <line num="23" count="1" type="stmt"/>
            <line num="24" count="1" type="stmt"/>
            <line num="25" count="1" type="stmt"/>
            <line num="26" count="1" type="stmt"/>
            <line num="27" count="1" type="stmt"/>
            <line num="28" count="1" type="stmt"/>
            <line num="29" count="1" type="stmt"/>
            <line num="30" count="1" type="stmt"/>
            <line num="31" count="1" type="stmt"/>
            <line num="32" count="1" type="stmt"/>
            <line num="33" count="1" type="stmt"/>
            <line num="34" count="1" type="stmt"/>
            <line num="35" count="1" type="stmt"/>
            <line num="36" count="1" type="stmt"/>
            <line num="37" count="1" type="stmt"/>
            <line num="38" count="1" type="stmt"/>
            <line num="39" count="1" type="stmt"/>
            <line num="40" count="1" type="stmt"/>
            <line num="41" count="1" type="stmt"/>
            <line num="42" count="1" type="stmt"/>
            <line num="43" count="1" type="stmt"/>
            <line num="44" count="1" type="stmt"/>
            <line num="45" count="1" type="stmt"/>
            <line num="46" count="1" type="stmt"/>
            <line num="47" count="1" type="stmt"/>
            <line num="48" count="1" type="stmt"/>
            <line num="49" count="1" type="stmt"/>
            <line num="50" count="1" type="stmt"/>
            <line num="51" count="1" type="stmt"/>
            <line num="52" count="1" type="stmt"/>
            <line num="53" count="1" type="stmt"/>
            <line num="54" count="1" type="stmt"/>
            <line num="55" count="1" type="stmt"/>
            <line num="56" count="1" type="stmt"/>
            <line num="57" count="1" type="stmt"/>
            <line num="58" count="1" type="stmt"/>
            <line num="59" count="1" type="stmt"/>
            <line num="60" count="1" type="stmt"/>
            <line num="61" count="1" type="stmt"/>
            <line num="62" count="1" type="stmt"/>
            <line complexity="1" visibility="public" signature="test12() : void" num="65" testsuccess="true" count="1" testduration="0.032" type="method"/>
            <line num="67" count="1" type="stmt"/>
            <line num="68" count="1" type="stmt"/>
            <line num="69" count="1" type="stmt"/>
            <line num="70" count="1" type="stmt"/>
            <line num="71" count="1" type="stmt"/>
         </file>
      </package>
   </testproject>
</coverage>